<?xml version="1.0" encoding="UTF-8"?>
<testsuite xmlns:xsi="http://www.w3.org/2001/XMLSchema-instance" xsi:noNamespaceSchemaLocation="https://maven.apache.org/surefire/maven-surefire-plugin/xsd/surefire-test-report-3.0.xsd" version="3.0" name="com.kenfukuda.dashboard.ui.controller.MainControllerTest" time="1.608" tests="1" errors="0" skipped="0" failures="0">
  <properties>
    <property name="java.specification.version" value="21"/>
    <property name="javafx.runtime.version" value="21+31"/>
    <property name="sun.cpu.isalist" value="amd64"/>
    <property name="sun.jnu.encoding" value="MS932"/>
    <property name="java.class.path" value="c:\Users\ken.fukuda\MyProgram\DASHBOARD4\dashboard4-ui-javafx\target\test-classes;c:\Users\ken.fukuda\MyProgram\DASHBOARD4\dashboard4-ui-javafx\target\classes;C:\Users\ken.fukuda\.m2\repository\com\kenfukuda\app-core\0.0.1-SNAPSHOT\app-core-0.0.1-SNAPSHOT.jar;C:\Users\ken.fukuda\.m2\repository\org\xerial\sqlite-jdbc\3.45.3.0\sqlite-jdbc-3.45.3.0.jar;C:\Users\ken.fukuda\.m2\repository\org\slf4j\slf4j-api\1.7.36\slf4j-api-1.7.36.jar;C:\Users\ken.fukuda\.m2\repository\org\slf4j\slf4j-simple\1.7.36\slf4j-simple-1.7.36.jar;C:\Users\ken.fukuda\.m2\repository\com\fasterxml\jackson\core\jackson-databind\2.15.2\jackson-databind-2.15.2.jar;C:\Users\ken.fukuda\.m2\repository\com\fasterxml\jackson\core\jackson-annotations\2.15.2\jackson-annotations-2.15.2.jar;C:\Users\ken.fukuda\.m2\repository\com\fasterxml\jackson\core\jackson-core\2.15.2\jackson-core-2.15.2.jar;C:\Users\ken.fukuda\.m2\repository\org\springframework\spring-web\6.0.15\spring-web-6.0.15.jar;C:\Users\ken.fukuda\.m2\repository\org\springframework\spring-beans\6.0.15\spring-beans-6.0.15.jar;C:\Users\ken.fukuda\.m2\repository\org\springframework\spring-core\6.0.15\spring-core-6.0.15.jar;C:\Users\ken.fukuda\.m2\repository\org\springframework\spring-jcl\6.0.15\spring-jcl-6.0.15.jar;C:\Users\ken.fukuda\.m2\repository\io\micrometer\micrometer-observation\1.10.13\micrometer-observation-1.10.13.jar;C:\Users\ken.fukuda\.m2\repository\io\micrometer\micrometer-commons\1.10.13\micrometer-commons-1.10.13.jar;C:\Users\ken.fukuda\.m2\repository\info\picocli\picocli\4.7.5\picocli-4.7.5.jar;C:\Users\ken.fukuda\.m2\repository\org\openjfx\javafx-controls\21\javafx-controls-21.jar;C:\Users\ken.fukuda\.m2\repository\org\openjfx\javafx-controls\21\javafx-controls-21-win.jar;C:\Users\ken.fukuda\.m2\repository\org\openjfx\javafx-graphics\21\javafx-graphics-21.jar;C:\Users\ken.fukuda\.m2\repository\org\openjfx\javafx-graphics\21\javafx-graphics-21-win.jar;C:\Users\ken.fukuda\.m2\repository\org\openjfx\javafx-base\21\javafx-base-21.jar;C:\Users\ken.fukuda\.m2\repository\org\openjfx\javafx-base\21\javafx-base-21-win.jar;C:\Users\ken.fukuda\.m2\repository\org\openjfx\javafx-fxml\21\javafx-fxml-21.jar;C:\Users\ken.fukuda\.m2\repository\org\openjfx\javafx-fxml\21\javafx-fxml-21-win.jar;C:\Users\ken.fukuda\.m2\repository\org\junit\jupiter\junit-jupiter-api\5.10.0\junit-jupiter-api-5.10.0.jar;C:\Users\ken.fukuda\.m2\repository\org\opentest4j\opentest4j\1.3.0\opentest4j-1.3.0.jar;C:\Users\ken.fukuda\.m2\repository\org\junit\platform\junit-platform-commons\1.10.0\junit-platform-commons-1.10.0.jar;C:\Users\ken.fukuda\.m2\repository\org\apiguardian\apiguardian-api\1.1.2\apiguardian-api-1.1.2.jar;C:\Users\ken.fukuda\.m2\repository\org\junit\jupiter\junit-jupiter-engine\5.10.0\junit-jupiter-engine-5.10.0.jar;C:\Users\ken.fukuda\.m2\repository\org\junit\platform\junit-platform-engine\1.10.0\junit-platform-engine-1.10.0.jar;C:\Users\ken.fukuda\.m2\repository\org\mockito\mockito-core\5.5.0\mockito-core-5.5.0.jar;C:\Users\ken.fukuda\.m2\repository\net\bytebuddy\byte-buddy\1.14.6\byte-buddy-1.14.6.jar;C:\Users\ken.fukuda\.m2\repository\net\bytebuddy\byte-buddy-agent\1.14.6\byte-buddy-agent-1.14.6.jar;C:\Users\ken.fukuda\.m2\repository\org\objenesis\objenesis\3.3\objenesis-3.3.jar;C:\Users\ken.fukuda\.m2\repository\org\openjfx\javafx-swing\21\javafx-swing-21.jar;C:\Users\ken.fukuda\.m2\repository\org\openjfx\javafx-swing\21\javafx-swing-21-win.jar;C:\Users\ken.fukuda\.m2\repository\org\assertj\assertj-core\3.24.2\assertj-core-3.24.2.jar;"/>
    <property name="sun.awt.enableExtraMouseButtons" value="true"/>
    <property name="java.vm.vendor" value="Oracle Corporation"/>
    <property name="sun.arch.data.model" value="64"/>
    <property name="user.variant" value=""/>
    <property name="java.vendor.url" value="https://java.oracle.com/"/>
    <property name="user.timezone" value="Asia/Tokyo"/>
    <property name="javafx.version" value="21"/>
    <property name="os.name" value="Windows 11"/>
    <property name="java.vm.specification.version" value="21"/>
    <property name="sun.java.launcher" value="SUN_STANDARD"/>
    <property name="user.country" value="JP"/>
    <property name="sun.boot.library.path" value="C:\Users\ken.fukuda\Downloaded_Program\jdk\jdk-21.0.8\bin"/>
    <property name="sun.java.command" value="C:\Users\ken.fukuda\AppData\Local\Temp\surefire11390814626919091166\surefirebooter-20250919100458862_3.jar C:\Users\ken.fukuda\AppData\Local\Temp\surefire11390814626919091166 2025-09-19T10-04-58_761-jvmRun1 surefire-20250919100458862_1tmp surefire_0-20250919100458862_2tmp"/>
    <property name="jdk.debug" value="release"/>
    <property name="test" value="MainControllerTest#testFetchUpdatesStatus"/>
    <property name="surefire.test.class.path" value="c:\Users\ken.fukuda\MyProgram\DASHBOARD4\dashboard4-ui-javafx\target\test-classes;c:\Users\ken.fukuda\MyProgram\DASHBOARD4\dashboard4-ui-javafx\target\classes;C:\Users\ken.fukuda\.m2\repository\com\kenfukuda\app-core\0.0.1-SNAPSHOT\app-core-0.0.1-SNAPSHOT.jar;C:\Users\ken.fukuda\.m2\repository\org\xerial\sqlite-jdbc\3.45.3.0\sqlite-jdbc-3.45.3.0.jar;C:\Users\ken.fukuda\.m2\repository\org\slf4j\slf4j-api\1.7.36\slf4j-api-1.7.36.jar;C:\Users\ken.fukuda\.m2\repository\org\slf4j\slf4j-simple\1.7.36\slf4j-simple-1.7.36.jar;C:\Users\ken.fukuda\.m2\repository\com\fasterxml\jackson\core\jackson-databind\2.15.2\jackson-databind-2.15.2.jar;C:\Users\ken.fukuda\.m2\repository\com\fasterxml\jackson\core\jackson-annotations\2.15.2\jackson-annotations-2.15.2.jar;C:\Users\ken.fukuda\.m2\repository\com\fasterxml\jackson\core\jackson-core\2.15.2\jackson-core-2.15.2.jar;C:\Users\ken.fukuda\.m2\repository\org\springframework\spring-web\6.0.15\spring-web-6.0.15.jar;C:\Users\ken.fukuda\.m2\repository\org\springframework\spring-beans\6.0.15\spring-beans-6.0.15.jar;C:\Users\ken.fukuda\.m2\repository\org\springframework\spring-core\6.0.15\spring-core-6.0.15.jar;C:\Users\ken.fukuda\.m2\repository\org\springframework\spring-jcl\6.0.15\spring-jcl-6.0.15.jar;C:\Users\ken.fukuda\.m2\repository\io\micrometer\micrometer-observation\1.10.13\micrometer-observation-1.10.13.jar;C:\Users\ken.fukuda\.m2\repository\io\micrometer\micrometer-commons\1.10.13\micrometer-commons-1.10.13.jar;C:\Users\ken.fukuda\.m2\repository\info\picocli\picocli\4.7.5\picocli-4.7.5.jar;C:\Users\ken.fukuda\.m2\repository\org\openjfx\javafx-controls\21\javafx-controls-21.jar;C:\Users\ken.fukuda\.m2\repository\org\openjfx\javafx-controls\21\javafx-controls-21-win.jar;C:\Users\ken.fukuda\.m2\repository\org\openjfx\javafx-graphics\21\javafx-graphics-21.jar;C:\Users\ken.fukuda\.m2\repository\org\openjfx\javafx-graphics\21\javafx-graphics-21-win.jar;C:\Users\ken.fukuda\.m2\repository\org\openjfx\javafx-base\21\javafx-base-21.jar;C:\Users\ken.fukuda\.m2\repository\org\openjfx\javafx-base\21\javafx-base-21-win.jar;C:\Users\ken.fukuda\.m2\repository\org\openjfx\javafx-fxml\21\javafx-fxml-21.jar;C:\Users\ken.fukuda\.m2\repository\org\openjfx\javafx-fxml\21\javafx-fxml-21-win.jar;C:\Users\ken.fukuda\.m2\repository\org\junit\jupiter\junit-jupiter-api\5.10.0\junit-jupiter-api-5.10.0.jar;C:\Users\ken.fukuda\.m2\repository\org\opentest4j\opentest4j\1.3.0\opentest4j-1.3.0.jar;C:\Users\ken.fukuda\.m2\repository\org\junit\platform\junit-platform-commons\1.10.0\junit-platform-commons-1.10.0.jar;C:\Users\ken.fukuda\.m2\repository\org\apiguardian\apiguardian-api\1.1.2\apiguardian-api-1.1.2.jar;C:\Users\ken.fukuda\.m2\repository\org\junit\jupiter\junit-jupiter-engine\5.10.0\junit-jupiter-engine-5.10.0.jar;C:\Users\ken.fukuda\.m2\repository\org\junit\platform\junit-platform-engine\1.10.0\junit-platform-engine-1.10.0.jar;C:\Users\ken.fukuda\.m2\repository\org\mockito\mockito-core\5.5.0\mockito-core-5.5.0.jar;C:\Users\ken.fukuda\.m2\repository\net\bytebuddy\byte-buddy\1.14.6\byte-buddy-1.14.6.jar;C:\Users\ken.fukuda\.m2\repository\net\bytebuddy\byte-buddy-agent\1.14.6\byte-buddy-agent-1.14.6.jar;C:\Users\ken.fukuda\.m2\repository\org\objenesis\objenesis\3.3\objenesis-3.3.jar;C:\Users\ken.fukuda\.m2\repository\org\openjfx\javafx-swing\21\javafx-swing-21.jar;C:\Users\ken.fukuda\.m2\repository\org\openjfx\javafx-swing\21\javafx-swing-21-win.jar;C:\Users\ken.fukuda\.m2\repository\org\assertj\assertj-core\3.24.2\assertj-core-3.24.2.jar;"/>
    <property name="sun.cpu.endian" value="little"/>
    <property name="user.home" value="C:\Users\ken.fukuda"/>
    <property name="user.language" value="ja"/>
    <property name="java.specification.vendor" value="Oracle Corporation"/>
    <property name="runGuiTests" value="true"/>
    <property name="java.version.date" value="2025-07-15"/>
    <property name="java.home" value="C:\Users\ken.fukuda\Downloaded_Program\jdk\jdk-21.0.8"/>
    <property name="file.separator" value="\"/>
    <property name="basedir" value="c:\Users\ken.fukuda\MyProgram\DASHBOARD4\dashboard4-ui-javafx"/>
    <property name="java.vm.compressedOopsMode" value="Zero based"/>
    <property name="line.separator" value="&#10;"/>
    <property name="java.vm.specification.vendor" value="Oracle Corporation"/>
    <property name="java.specification.name" value="Java Platform API Specification"/>
    <property name="surefire.real.class.path" value="C:\Users\ken.fukuda\AppData\Local\Temp\surefire11390814626919091166\surefirebooter-20250919100458862_3.jar"/>
    <property name="user.script" value=""/>
    <property name="sun.management.compiler" value="HotSpot 64-Bit Tiered Compilers"/>
    <property name="java.runtime.version" value="21.0.8+12-LTS-250"/>
    <property name="user.name" value="ken.fukuda"/>
    <property name="stdout.encoding" value="MS932"/>
    <property name="path.separator" value=";"/>
    <property name="os.version" value="10.0"/>
    <property name="java.runtime.name" value="Java(TM) SE Runtime Environment"/>
    <property name="file.encoding" value="UTF-8"/>
    <property name="java.vm.name" value="Java HotSpot(TM) 64-Bit Server VM"/>
    <property name="localRepository" value="C:\Users\ken.fukuda\.m2\repository"/>
    <property name="java.vendor.url.bug" value="https://bugreport.java.com/bugreport/"/>
    <property name="java.io.tmpdir" value="C:\Users\KEN~1.FUK\AppData\Local\Temp\"/>
    <property name="java.version" value="21.0.8"/>
    <property name="user.dir" value="c:\Users\ken.fukuda\MyProgram\DASHBOARD4\dashboard4-ui-javafx"/>
    <property name="os.arch" value="amd64"/>
    <property name="test.syncFetch" value="true"/>
    <property name="java.vm.specification.name" value="Java Virtual Machine Specification"/>
    <property name="sun.os.patch.level" value=""/>
    <property name="native.encoding" value="MS932"/>
    <property name="java.library.path" value="C:\Users\ken.fukuda\Downloaded_Program\jdk\jdk-21.0.8\bin;C:\Windows\Sun\Java\bin;C:\Windows\system32;C:\Windows;C:\Users\ken.fukuda\Downloaded_Program\sdk;C:\Users\ken.fukuda\dotnet8\sdk;C:\Users\ken.fukuda\dotnet;C:\Program Files (x86)\Common Files\Intel\Shared Libraries\redist\intel64_win\compiler;C:\Windows\system32;C:\Windows;C:\Windows\System32\Wbem;C:\Windows\System32\WindowsPowerShell\v1.0\;C:\Windows\System32\OpenSSH\;C:\Program Files\dotnet\;C:\Users\ken.fukuda\Downloaded_Program\sdk;C:\Users\ken.fukuda\dotnet8\sdk;C:\Users\ken.fukuda\dotnet;C:\Program Files (x86)\Common Files\Intel\Shared Libraries\redist\intel64_win\compiler;C:\Windows\system32;C:\Windows;C:\Windows\System32\Wbem;C:\Windows\System32\WindowsPowerShell\v1.0\;C:\Windows\System32\OpenSSH\;C:\Program Files\dotnet\;C:\Users\ken.fukuda\Downloaded_Program\sdk;C:\Program Files (x86)\Common Files\Intel\Shared Libraries\redist\intel64_win\compiler;C:\Windows\system32;C:\Windows;C:\Windows\System32\Wbem;C:\Windows\System32\WindowsPowerShell\v1.0\;C:\Windows\System32\OpenSSH\;C:\Program Files\dotnet\;C:\Users\ken.fukuda\Downloaded_Program\SQLite;c:\Users\ken.fukuda\AppData\Roaming\Code\User\globalStorage\github.copilot-chat\debugCommand;C:\Users\ken.fukuda\dev\maven\apache-maven-3.9.11\bin;C:\Users\ken.fukuda\Downloaded_Program\jdk\jdk-21.0.8\bin;C:\Users\ken.fukuda\AppData\Local\Programs\Microsoft VS Code\bin;C:\Users\ken.fukuda\dev\PortableGit\bin;C:\Users\ken.fukuda\AppData\Local\Programs\cursor\resources\app\bin;c:\Users\ken.fukuda\AppData\Roaming\Code\User\globalStorage\github.copilot-chat\debugCommand;."/>
    <property name="java.vm.info" value="mixed mode, sharing"/>
    <property name="stderr.encoding" value="MS932"/>
    <property name="java.vendor" value="Oracle Corporation"/>
    <property name="java.vm.version" value="21.0.8+12-LTS-250"/>
    <property name="sun.io.unicode.encoding" value="UnicodeLittle"/>
    <property name="java.class.version" value="65.0"/>
  </properties>
  <testcase name="testFetchUpdatesStatus" classname="com.kenfukuda.dashboard.ui.controller.MainControllerTest" time="1.046">
    <system-err><![CDATA[9月 19, 2025 10:04:59 午前 com.sun.javafx.application.PlatformImpl startup
警告: Unsupported JavaFX configuration: classes were loaded from 'unnamed module @1060b431'
WARNING: A Java agent has been loaded dynamically (C:\Users\ken.fukuda\.m2\repository\net\bytebuddy\byte-buddy-agent\1.14.6\byte-buddy-agent-1.14.6.jar)
WARNING: If a serviceability tool is in use, please run with -XX:+EnableDynamicAgentLoading to hide this warning
WARNING: If a serviceability tool is not in use, please run with -Djdk.instrument.traceUsage for more information
WARNING: Dynamic loading of agents will be disallowed by default in a future release
]]></system-err>
  </testcase>
</testsuite>